TN:
SF:operations\order_operations.js
FN:5,create_order
FN:35,get_order
FN:51,update_order
FN:113,delete_order
FNF:4
FNH:4
FNDA:3,create_order
FNDA:2,get_order
FNDA:6,update_order
FNDA:2,delete_order
DA:1,1
DA:2,1
DA:3,1
DA:6,3
DA:7,3
DA:8,3
DA:9,1
DA:11,2
DA:12,1
DA:14,1
DA:23,1
DA:27,1
DA:30,2
DA:36,2
DA:37,2
DA:42,2
DA:45,1
DA:52,6
DA:54,6
DA:55,6
DA:56,6
DA:57,1
DA:59,5
DA:60,5
DA:67,5
DA:68,4
DA:70,4
DA:72,2
DA:77,2
DA:81,2
DA:84,2
DA:85,1
DA:87,1
DA:88,1
DA:92,1
DA:93,1
DA:97,1
DA:101,1
DA:106,3
DA:114,2
DA:115,2
DA:116,2
DA:121,2
DA:122,1
DA:123,1
DA:125,1
DA:126,1
DA:127,1
DA:131,1
DA:135,1
DA:136,1
DA:139,1
DA:140,1
DA:144,1
LF:54
LH:54
BRDA:8,0,0,1
BRDA:8,0,1,2
BRDA:11,1,0,1
BRDA:11,1,1,1
BRDA:56,2,0,1
BRDA:56,2,1,5
BRDA:67,3,0,4
BRDA:67,3,1,1
BRDA:70,4,0,2
BRDA:70,4,1,2
BRDA:84,5,0,1
BRDA:84,5,1,1
BRDA:121,6,0,1
BRDA:121,6,1,1
BRF:14
BRH:14
end_of_record
TN:
SF:operations\user_operations.js
FN:3,create_user
FN:16,verify_user
FN:32,update_user
FNF:3
FNH:3
FNDA:2,create_user
FNDA:4,verify_user
FNDA:2,update_user
DA:1,1
DA:4,2
DA:5,2
DA:6,2
DA:7,2
DA:8,1
DA:9,1
DA:12,1
DA:17,4
DA:18,4
DA:19,4
DA:20,4
DA:21,2
DA:24,2
DA:28,2
DA:33,2
DA:34,2
DA:35,2
DA:36,1
DA:37,1
DA:38,1
DA:40,1
DA:43,1
DA:47,1
LF:24
LH:24
BRDA:20,0,0,2
BRDA:20,0,1,2
BRDA:35,1,0,1
BRDA:35,1,1,1
BRF:4
BRH:4
end_of_record
